00001 ??(00000)::??                               new[]            :         24 bytes     
                                                                 OK:   0084C668 (hash: 3174)
00002 ??(00000)::??                               new[]            :         18 bytes     
                                                                 OK:   0084E690 (hash: 3689)
00003 ??(00000)::??                               new[]            :         30 bytes     
                                                                 OK:   00861048 (hash: 260)
00004 ??(00000)::??                               new[]            :         34 bytes     
                                                                 OK:   00863070 (hash: 775)
00005 ??(00000)::??                               new[]            :         18 bytes     
                                                                 OK:   008650A8 (hash: 1290)
00006 ??(00000)::??                                 new            :         12 bytes     
                                                                 OK:   008670D0 (hash: 1805)
00007 ??(00000)::??                                 new            :         24 bytes     
                                                                 OK:   008690E8 (hash: 2318)
      ??(00000)::??                              delete(  008670D0)
00008 ??(00000)::??                                 new            :         48 bytes     
                                                                 OK:   0086B110 (hash: 2833)
      ??(00000)::??                              delete(  008690E8)
00009 ??(00000)::??                                 new            :         96 bytes     
                                                                 OK:   008670D0 (hash: 1805)
      ??(00000)::??                              delete(  0086B110)
00010 ??(00000)::??                                 new            :        192 bytes     
                                                                 OK:   00869138 (hash: 2323)
      ??(00000)::??                              delete(  008670D0)
00011 ??(00000)::??                                 new            :        384 bytes     
                                                                 OK:   0086B200 (hash: 2848)
      ??(00000)::??                              delete(  00869138)
00012 ??(00000)::??                                 new            :         10 bytes     
                                                                 OK:   008690E0 (hash: 2318)
00013 ??(00000)::??                                 new            :          4 bytes     
                                                                 OK:   0086D388 (hash: 3384)
00014 ??(00000)::??                                 new            :          8 bytes     
                                                                 OK:   0086F3A0 (hash: 3898)
00015 ??(00000)::??                                 new            :          8 bytes     
                                                                 OK:   008713B8 (hash: 315)
00016 ??(00000)::??                                 new            :          4 bytes     
                                                                 OK:   008733D0 (hash: 829)
00017 ??(00000)::??                                 new            :         16 bytes     
                                                                 OK:   008753E8 (hash: 1342)
      ??(00000)::??                              delete(  0086F3A0)
00018 ??(00000)::??                                 new            :          9 bytes     
                                                                 OK:   0086F3A0 (hash: 3898)
00019 ??(00000)::??                                 new            :          4 bytes     
                                                                 OK:   00877400 (hash: 1856)
00020 ??(00000)::??                                 new            :         32 bytes     
                                                                 OK:   00879418 (hash: 2369)
      ??(00000)::??                              delete(  008753E8)
00021 ??(00000)::??                                 new            :          8 bytes     
                                                                 OK:   008753E8 (hash: 1342)
00022 ??(00000)::??                                 new            :          4 bytes     
                                                                 OK:   0087B440 (hash: 2884)
00023 ??(00000)::??                                 new            :          9 bytes     
                                                                 OK:   0087D458 (hash: 3397)
00024 ??(00000)::??                                 new            :          4 bytes     
                                                                 OK:   0087F470 (hash: 3911)
00025 ??(00000)::??                                 new            :         64 bytes     
                                                                 OK:   00881488 (hash: 328)
      ??(00000)::??                              delete(  00879418)
00026 ??(00000)::??                                 new            :          4 bytes     
                                                                 OK:   00879418 (hash: 2369)
00027 ??(00000)::??                                 new            :          8 bytes     
                                                                 OK:   008834D0 (hash: 845)
      ??(00000)::??                              delete(  00879418)
00028 ??(00000)::??                                 new            :         16 bytes     
                                                                 OK:   00879418 (hash: 2369)
      ??(00000)::??                              delete(  008834D0)
00029 ??(00000)::??                                 new            :         32 bytes     
                                                                 OK:   008834D0 (hash: 845)
      ??(00000)::??                              delete(  00879418)
00030 ??(00000)::??                                 new            :         64 bytes     
                                                                 OK:   008854F8 (hash: 1359)
      ??(00000)::??                              delete(  008834D0)
00031 ??(00000)::??                                 new            :        128 bytes     
                                                                 OK:   00887540 (hash: 1876)
      ??(00000)::??                              delete(  008854F8)
00032 ??(00000)::??                                 new            :        256 bytes     
                                                                 OK:   008834D0 (hash: 845)
      ??(00000)::??                              delete(  00887540)
00033 ??(00000)::??                                 new            :        512 bytes     
                                                                 OK:   008855D8 (hash: 1373)
      ??(00000)::??                              delete(  008834D0)
00034 ??(00000)::??                                 new            :      1,024 bytes     
                                                                 OK:   008877E0 (hash: 1918)
      ??(00000)::??                              delete(  008855D8)
00035 ??(00000)::??                                 new            :         44 bytes     
                                                                 OK:   008834D0 (hash: 845)
00036 ??(00000)::??                                 new            :         44 bytes     
                                                                 OK:   00885508 (hash: 1360)
00037 ??(00000)::??                                 new            :         44 bytes     
                                                                 OK:   0088ACE8 (hash: 2766)
00038 ??(00000)::??                                 new            :         24 bytes     
                                                                 OK:   00879418 (hash: 2369)
00039 ??(00000)::??                               new[]            :         14 bytes     
                                                                 OK:   0088CD20 (hash: 3282)
      ??(00000)::??                              delete(  00879418)
      ??(00000)::??                              delete(  0088ACE8)
      ??(00000)::??                              delete(  00885508)
      ??(00000)::??                              delete(  008834D0)
      ??(00000)::??                              delete(  0086B200)
      ??(00000)::??                              delete(  008690E0)
      ??(00000)::??                              delete(  0086D388)
      ??(00000)::??                              delete(  008713B8)
      ??(00000)::??                              delete(  008733D0)
      ??(00000)::??                              delete(  0086F3A0)
      ??(00000)::??                              delete(  00877400)
      ??(00000)::??                              delete(  008753E8)
      ??(00000)::??                              delete(  0087B440)
      ??(00000)::??                              delete(  0087D458)
      ??(00000)::??                              delete(  0087F470)
      ??(00000)::??                              delete(  00881488)
      ??(00000)::??                            delete[](  008650A8)
      ??(00000)::??                              delete(  008877E0)
      ??(00000)::??                            delete[](  00863070)
      ??(00000)::??                            delete[](  00861048)
      ??(00000)::??                            delete[](  0084E690)
      ??(00000)::??                            delete[](  0084C668)
